<?xml version="1.0" encoding="UTF-8"?>
<!-- Generated by org.testng.reporters.JUnitXMLReporter -->
<testsuite ignored="0" hostname="LIN-3KDZ1J3" failures="0" tests="3" name="Default test" time="17.227" errors="0" timestamp="2024-04-02T14:40:30 IST">
  <testcase classname="xlresource.scenario" name="scenario" time="6.745"/>
  <testcase classname="xlresource.scenario" name="scenario" time="4.41"/>
  <testcase classname="xlresource.scenario" name="scenario" time="5.362"/>
</testsuite> <!-- Default test -->
