<?xml version="1.0" encoding="UTF-8"?>
<testng-results ignored="0" total="3" passed="3" failed="0" skipped="0">
  <reporter-output>
  </reporter-output>
  <suite started-at="2024-04-02T14:40:13 IST" name="Default suite" finished-at="2024-04-02T14:40:30 IST" duration-ms="17227">
    <groups>
    </groups>
    <test started-at="2024-04-02T14:40:13 IST" name="Default test" finished-at="2024-04-02T14:40:30 IST" duration-ms="17227">
      <class name="xlresource.scenario">
        <test-method signature="scenario(java.lang.String)[pri:0, instance:xlresource.scenario@6e6f2380]" started-at="2024-04-02T14:40:13 IST" name="scenario" data-provider="exceldata" finished-at="2024-04-02T14:40:20 IST" duration-ms="6745" status="PASS">
          <params>
            <param index="0">
              <value>
                <![CDATA[Hyderabad]]>
              </value>
            </param>
          </params>
          <reporter-output>
          </reporter-output>
        </test-method> <!-- scenario -->
        <test-method signature="scenario(java.lang.String)[pri:0, instance:xlresource.scenario@6e6f2380]" started-at="2024-04-02T14:40:20 IST" name="scenario" data-provider="exceldata" finished-at="2024-04-02T14:40:24 IST" duration-ms="4410" status="PASS">
          <params>
            <param index="0">
              <value>
                <![CDATA[Mumbai]]>
              </value>
            </param>
          </params>
          <reporter-output>
          </reporter-output>
        </test-method> <!-- scenario -->
        <test-method signature="scenario(java.lang.String)[pri:0, instance:xlresource.scenario@6e6f2380]" started-at="2024-04-02T14:40:24 IST" name="scenario" data-provider="exceldata" finished-at="2024-04-02T14:40:30 IST" duration-ms="5362" status="PASS">
          <params>
            <param index="0">
              <value>
                <![CDATA[Chennai]]>
              </value>
            </param>
          </params>
          <reporter-output>
          </reporter-output>
        </test-method> <!-- scenario -->
      </class> <!-- xlresource.scenario -->
    </test> <!-- Default test -->
  </suite> <!-- Default suite -->
</testng-results>
